# JRE version: Java(TM) SE Runtime Environment (8.0_60-b27) (build 1.8.0_60-b27)
# Java VM: Java HotSpot(TM) 64-Bit Server VM (25.60-b23 mixed mode bsd-amd64 compressed oops)
Heap:
 PSYoungGen      total 141824K, used 111926K [0x00000007b0600000, 0x00000007b9b00000, 0x00000007c0000000)
  eden space 131072K, 77% used [0x00000007b0600000,0x00000007b68cf318,0x00000007b8600000)
  from space 10752K, 99% used [0x00000007b9080000,0x00000007b9afe4e8,0x00000007b9b00000)
  to   space 10752K, 0% used [0x00000007b8600000,0x00000007b8600000,0x00000007b9080000)
 ParOldGen       total 175104K, used 52035K [0x0000000791200000, 0x000000079bd00000, 0x00000007b0600000)
  object space 175104K, 29% used [0x0000000791200000,0x00000007944d0c88,0x000000079bd00000)
 Metaspace       used 5988K, capacity 6198K, committed 6400K, reserved 1056768K
  class space    used 652K, capacity 723K, committed 768K, reserved 1048576K
GC Heap History (4 events):
Event: 0.711 GC heap before
{Heap before GC invocations=1 (full 0):
 PSYoungGen      total 76288K, used 65536K [0x00000007b0600000, 0x00000007b5b00000, 0x00000007c0000000)
  eden space 65536K, 100% used [0x00000007b0600000,0x00000007b4600000,0x00000007b4600000)
  from space 10752K, 0% used [0x00000007b5080000,0x00000007b5080000,0x00000007b5b00000)
  to   space 10752K, 0% used [0x00000007b4600000,0x00000007b4600000,0x00000007b5080000)
 ParOldGen       total 175104K, used 0K [0x0000000791200000, 0x000000079bd00000, 0x00000007b0600000)
  object space 175104K, 0% used [0x0000000791200000,0x0000000791200000,0x000000079bd00000)
 Metaspace       used 5632K, capacity 5856K, committed 6144K, reserved 1056768K
  class space    used 607K, capacity 682K, committed 768K, reserved 1048576K
Event: 0.750 GC heap after
Heap after GC invocations=1 (full 0):
 PSYoungGen      total 76288K, used 10751K [0x00000007b0600000, 0x00000007b9b00000, 0x00000007c0000000)
  eden space 65536K, 0% used [0x00000007b0600000,0x00000007b0600000,0x00000007b4600000)
  from space 10752K, 99% used [0x00000007b4600000,0x00000007b507fd00,0x00000007b5080000)
  to   space 10752K, 0% used [0x00000007b9080000,0x00000007b9080000,0x00000007b9b00000)
 ParOldGen       total 175104K, used 20267K [0x0000000791200000, 0x000000079bd00000, 0x00000007b0600000)
  object space 175104K, 11% used [0x0000000791200000,0x00000007925cac68,0x000000079bd00000)
 Metaspace       used 5632K, capacity 5856K, committed 6144K, reserved 1056768K
  class space    used 607K, capacity 682K, committed 768K, reserved 1048576K
}
Event: 0.969 GC heap before
{Heap before GC invocations=2 (full 0):
 PSYoungGen      total 76288K, used 75014K [0x00000007b0600000, 0x00000007b9b00000, 0x00000007c0000000)
  eden space 65536K, 98% used [0x00000007b0600000,0x00000007b44c1b90,0x00000007b4600000)
  from space 10752K, 99% used [0x00000007b4600000,0x00000007b507fd00,0x00000007b5080000)
  to   space 10752K, 0% used [0x00000007b9080000,0x00000007b9080000,0x00000007b9b00000)
 ParOldGen       total 175104K, used 20267K [0x0000000791200000, 0x000000079bd00000, 0x00000007b0600000)
  object space 175104K, 11% used [0x0000000791200000,0x00000007925cac68,0x000000079bd00000)
 Metaspace       used 5634K, capacity 5856K, committed 6144K, reserved 1056768K
  class space    used 607K, capacity 682K, committed 768K, reserved 1048576K
Event: 1.067 GC heap after
Heap after GC invocations=2 (full 0):
 PSYoungGen      total 141824K, used 10745K [0x00000007b0600000, 0x00000007b9b00000, 0x00000007c0000000)
  eden space 131072K, 0% used [0x00000007b0600000,0x00000007b0600000,0x00000007b8600000)
  from space 10752K, 99% used [0x00000007b9080000,0x00000007b9afe4e8,0x00000007b9b00000)
  to   space 10752K, 0% used [0x00000007b8600000,0x00000007b8600000,0x00000007b9080000)
 ParOldGen       total 175104K, used 52035K [0x0000000791200000, 0x000000079bd00000, 0x00000007b0600000)
  object space 175104K, 29% used [0x0000000791200000,0x00000007944d0c88,0x000000079bd00000)
 Metaspace       used 5634K, capacity 5856K, committed 6144K, reserved 1056768K
  class space    used 607K, capacity 682K, committed 768K, reserved 1048576K
}

